<?xml version="1.0" encoding="UTF-8"?>
<testsuite name="LeapYearTest" skipped="0" failures="0" errors="0" tests="2" assertions="2" time="3.753300188691355e-05">
  <testcase name="test_year_2017_is_a_leap_year" classname="LeapYearTest" assertions="1" time="2.6075000278069638e-05">
  </testcase>
  <testcase name="test_year_2016_is_not" classname="LeapYearTest" assertions="1" time="1.1458001608843915e-05">
  </testcase>
</testsuite>
